PostgresPersistenceDaemon (2019-04-23)
database : epos
listenPort : 6433
listenHost : localhost
commitRate : 1000
commitPeriodSeconds : 10
zeroMQueueSize : 1000000
useTransactions : true
debug : false
ZeroMQ Context created
ZeroMQ Pull socket created on 'tcp://localhost:6433'
GSON serialisation created
Connected to database
AutoCommit thread started

Listening for messages on tcp://localhost:6433 -> epos
New template : 'globalComplexCostLogger'
dt : 2019-10-01 09:56:54
INSERT INTO globalComplexCostLogger(run, peer,iteration,cost) VALUES({run}, {peer}, {iteration}, {cost})

New template : 'LocalCostMultiObjectiveLogger'
dt : 2019-10-01 09:56:54
INSERT INTO LocalCostMultiObjectiveLogger(run,peer,iteration,cost) VALUES({run}, {peer}, {iteration}, {cost})

New template : 'SelectedPlanLogger'
dt : 2019-10-01 09:56:54
INSERT INTO SelectedPlanLogger(run,peer,iteration,planID) VALUES({run}, {peer}, {iteration}, {planID})

New template : 'GlobalResponseVectorLogger'
dt : 2019-10-01 09:56:54
INSERT INTO GlobalResponseVectorLogger(run,peer,iteration,globalresponse) VALUES({run}, {peer}, {iteration}, {globalresponse})

New template : 'GlobalCostLogger'
dt : 2019-10-01 09:56:54
INSERT INTO GlobalCostLogger(run, peer,iteration,cost) VALUES({run}, {peer}, {iteration}, {cost})

New template : 'TerminationLogger'
dt : 2019-10-01 09:56:54
INSERT INTO TerminationLogger(run,peer,termination) VALUES({run}, {peer}, {termination})

New template : 'UnfairnessLogger'
dt : 2019-10-01 09:56:54
INSERT INTO UnfairnessLogger(run, peer,iteration,unfairness) VALUES({run}, {peer}, {iteration}, {unfairness})

New template : 'globalComplexCostLogger'
dt : 2019-10-01 09:57:11
INSERT INTO globalComplexCostLogger(run, peer,iteration,cost) VALUES({run}, {peer}, {iteration}, {cost})

New template : 'TerminationLogger'
dt : 2019-10-01 09:57:11
INSERT INTO TerminationLogger(run,peer,termination) VALUES({run}, {peer}, {termination})

New template : 'SelectedPlanLogger'
dt : 2019-10-01 09:57:11
INSERT INTO SelectedPlanLogger(run,peer,iteration,planID) VALUES({run}, {peer}, {iteration}, {planID})

New template : 'GlobalCostLogger'
dt : 2019-10-01 09:57:11
INSERT INTO GlobalCostLogger(run, peer,iteration,cost) VALUES({run}, {peer}, {iteration}, {cost})

New template : 'GlobalResponseVectorLogger'
dt : 2019-10-01 09:57:11
INSERT INTO GlobalResponseVectorLogger(run,peer,iteration,globalresponse) VALUES({run}, {peer}, {iteration}, {globalresponse})

New template : 'UnfairnessLogger'
dt : 2019-10-01 09:57:11
INSERT INTO UnfairnessLogger(run, peer,iteration,unfairness) VALUES({run}, {peer}, {iteration}, {unfairness})

New template : 'LocalCostMultiObjectiveLogger'
dt : 2019-10-01 09:57:11
INSERT INTO LocalCostMultiObjectiveLogger(run,peer,iteration,cost) VALUES({run}, {peer}, {iteration}, {cost})

New template : 'globalComplexCostLogger'
dt : 2019-10-01 09:57:15
INSERT INTO globalComplexCostLogger(run, peer,iteration,cost) VALUES({run}, {peer}, {iteration}, {cost})

New template : 'TerminationLogger'
dt : 2019-10-01 09:57:15
INSERT INTO TerminationLogger(run,peer,termination) VALUES({run}, {peer}, {termination})

New template : 'SelectedPlanLogger'
dt : 2019-10-01 09:57:15
INSERT INTO SelectedPlanLogger(run,peer,iteration,planID) VALUES({run}, {peer}, {iteration}, {planID})

New template : 'GlobalCostLogger'
dt : 2019-10-01 09:57:15
INSERT INTO GlobalCostLogger(run, peer,iteration,cost) VALUES({run}, {peer}, {iteration}, {cost})

New template : 'GlobalResponseVectorLogger'
dt : 2019-10-01 09:57:15
INSERT INTO GlobalResponseVectorLogger(run,peer,iteration,globalresponse) VALUES({run}, {peer}, {iteration}, {globalresponse})

New template : 'UnfairnessLogger'
dt : 2019-10-01 09:57:15
INSERT INTO UnfairnessLogger(run, peer,iteration,unfairness) VALUES({run}, {peer}, {iteration}, {unfairness})

New template : 'LocalCostMultiObjectiveLogger'
dt : 2019-10-01 09:57:15
INSERT INTO LocalCostMultiObjectiveLogger(run,peer,iteration,cost) VALUES({run}, {peer}, {iteration}, {cost})

New template : 'globalComplexCostLogger'
dt : 2019-10-01 09:57:15
INSERT INTO globalComplexCostLogger(run, peer,iteration,cost) VALUES({run}, {peer}, {iteration}, {cost})

New template : 'TerminationLogger'
dt : 2019-10-01 09:57:15
INSERT INTO TerminationLogger(run,peer,termination) VALUES({run}, {peer}, {termination})

New template : 'SelectedPlanLogger'
dt : 2019-10-01 09:57:15
INSERT INTO SelectedPlanLogger(run,peer,iteration,planID) VALUES({run}, {peer}, {iteration}, {planID})

New template : 'GlobalCostLogger'
dt : 2019-10-01 09:57:15
INSERT INTO GlobalCostLogger(run, peer,iteration,cost) VALUES({run}, {peer}, {iteration}, {cost})

New template : 'GlobalResponseVectorLogger'
dt : 2019-10-01 09:57:15
INSERT INTO GlobalResponseVectorLogger(run,peer,iteration,globalresponse) VALUES({run}, {peer}, {iteration}, {globalresponse})

New template : 'UnfairnessLogger'
dt : 2019-10-01 09:57:15
INSERT INTO UnfairnessLogger(run, peer,iteration,unfairness) VALUES({run}, {peer}, {iteration}, {unfairness})

New template : 'LocalCostMultiObjectiveLogger'
dt : 2019-10-01 09:57:15
INSERT INTO LocalCostMultiObjectiveLogger(run,peer,iteration,cost) VALUES({run}, {peer}, {iteration}, {cost})

New template : 'globalComplexCostLogger'
dt : 2019-10-01 09:57:15
INSERT INTO globalComplexCostLogger(run, peer,iteration,cost) VALUES({run}, {peer}, {iteration}, {cost})

New template : 'TerminationLogger'
dt : 2019-10-01 09:57:15
INSERT INTO TerminationLogger(run,peer,termination) VALUES({run}, {peer}, {termination})

New template : 'SelectedPlanLogger'
dt : 2019-10-01 09:57:15
INSERT INTO SelectedPlanLogger(run,peer,iteration,planID) VALUES({run}, {peer}, {iteration}, {planID})

New template : 'GlobalCostLogger'
dt : 2019-10-01 09:57:15
INSERT INTO GlobalCostLogger(run, peer,iteration,cost) VALUES({run}, {peer}, {iteration}, {cost})

New template : 'GlobalResponseVectorLogger'
dt : 2019-10-01 09:57:15
INSERT INTO GlobalResponseVectorLogger(run,peer,iteration,globalresponse) VALUES({run}, {peer}, {iteration}, {globalresponse})

New template : 'UnfairnessLogger'
dt : 2019-10-01 09:57:15
INSERT INTO UnfairnessLogger(run, peer,iteration,unfairness) VALUES({run}, {peer}, {iteration}, {unfairness})

New template : 'LocalCostMultiObjectiveLogger'
dt : 2019-10-01 09:57:15
INSERT INTO LocalCostMultiObjectiveLogger(run,peer,iteration,cost) VALUES({run}, {peer}, {iteration}, {cost})

New template : 'globalComplexCostLogger'
dt : 2019-10-01 09:57:15
INSERT INTO globalComplexCostLogger(run, peer,iteration,cost) VALUES({run}, {peer}, {iteration}, {cost})

New template : 'TerminationLogger'
dt : 2019-10-01 09:57:15
INSERT INTO TerminationLogger(run,peer,termination) VALUES({run}, {peer}, {termination})

New template : 'SelectedPlanLogger'
dt : 2019-10-01 09:57:15
INSERT INTO SelectedPlanLogger(run,peer,iteration,planID) VALUES({run}, {peer}, {iteration}, {planID})

New template : 'GlobalCostLogger'
dt : 2019-10-01 09:57:15
INSERT INTO GlobalCostLogger(run, peer,iteration,cost) VALUES({run}, {peer}, {iteration}, {cost})

New template : 'GlobalResponseVectorLogger'
dt : 2019-10-01 09:57:15
INSERT INTO GlobalResponseVectorLogger(run,peer,iteration,globalresponse) VALUES({run}, {peer}, {iteration}, {globalresponse})

New template : 'UnfairnessLogger'
dt : 2019-10-01 09:57:15
INSERT INTO UnfairnessLogger(run, peer,iteration,unfairness) VALUES({run}, {peer}, {iteration}, {unfairness})

New template : 'LocalCostMultiObjectiveLogger'
dt : 2019-10-01 09:57:15
INSERT INTO LocalCostMultiObjectiveLogger(run,peer,iteration,cost) VALUES({run}, {peer}, {iteration}, {cost})

New template : 'globalComplexCostLogger'
dt : 2019-10-01 09:57:15
INSERT INTO globalComplexCostLogger(run, peer,iteration,cost) VALUES({run}, {peer}, {iteration}, {cost})

New template : 'TerminationLogger'
dt : 2019-10-01 09:57:15
INSERT INTO TerminationLogger(run,peer,termination) VALUES({run}, {peer}, {termination})

New template : 'SelectedPlanLogger'
dt : 2019-10-01 09:57:15
INSERT INTO SelectedPlanLogger(run,peer,iteration,planID) VALUES({run}, {peer}, {iteration}, {planID})

New template : 'GlobalCostLogger'
dt : 2019-10-01 09:57:15
INSERT INTO GlobalCostLogger(run, peer,iteration,cost) VALUES({run}, {peer}, {iteration}, {cost})

New template : 'GlobalResponseVectorLogger'
dt : 2019-10-01 09:57:15
INSERT INTO GlobalResponseVectorLogger(run,peer,iteration,globalresponse) VALUES({run}, {peer}, {iteration}, {globalresponse})

New template : 'UnfairnessLogger'
dt : 2019-10-01 09:57:15
INSERT INTO UnfairnessLogger(run, peer,iteration,unfairness) VALUES({run}, {peer}, {iteration}, {unfairness})

New template : 'LocalCostMultiObjectiveLogger'
dt : 2019-10-01 09:57:15
INSERT INTO LocalCostMultiObjectiveLogger(run,peer,iteration,cost) VALUES({run}, {peer}, {iteration}, {cost})

New template : 'globalComplexCostLogger'
dt : 2019-10-01 09:57:15
INSERT INTO globalComplexCostLogger(run, peer,iteration,cost) VALUES({run}, {peer}, {iteration}, {cost})

New template : 'TerminationLogger'
dt : 2019-10-01 09:57:15
INSERT INTO TerminationLogger(run,peer,termination) VALUES({run}, {peer}, {termination})

New template : 'SelectedPlanLogger'
dt : 2019-10-01 09:57:15
INSERT INTO SelectedPlanLogger(run,peer,iteration,planID) VALUES({run}, {peer}, {iteration}, {planID})

New template : 'GlobalCostLogger'
dt : 2019-10-01 09:57:15
INSERT INTO GlobalCostLogger(run, peer,iteration,cost) VALUES({run}, {peer}, {iteration}, {cost})

New template : 'GlobalResponseVectorLogger'
dt : 2019-10-01 09:57:15
INSERT INTO GlobalResponseVectorLogger(run,peer,iteration,globalresponse) VALUES({run}, {peer}, {iteration}, {globalresponse})

New template : 'UnfairnessLogger'
dt : 2019-10-01 09:57:15
INSERT INTO UnfairnessLogger(run, peer,iteration,unfairness) VALUES({run}, {peer}, {iteration}, {unfairness})

New template : 'LocalCostMultiObjectiveLogger'
dt : 2019-10-01 09:57:15
INSERT INTO LocalCostMultiObjectiveLogger(run,peer,iteration,cost) VALUES({run}, {peer}, {iteration}, {cost})

New template : 'globalComplexCostLogger'
dt : 2019-10-01 09:57:15
INSERT INTO globalComplexCostLogger(run, peer,iteration,cost) VALUES({run}, {peer}, {iteration}, {cost})

New template : 'TerminationLogger'
dt : 2019-10-01 09:57:15
INSERT INTO TerminationLogger(run,peer,termination) VALUES({run}, {peer}, {termination})

New template : 'SelectedPlanLogger'
dt : 2019-10-01 09:57:15
INSERT INTO SelectedPlanLogger(run,peer,iteration,planID) VALUES({run}, {peer}, {iteration}, {planID})

New template : 'GlobalCostLogger'
dt : 2019-10-01 09:57:15
INSERT INTO GlobalCostLogger(run, peer,iteration,cost) VALUES({run}, {peer}, {iteration}, {cost})

New template : 'GlobalResponseVectorLogger'
dt : 2019-10-01 09:57:15
INSERT INTO GlobalResponseVectorLogger(run,peer,iteration,globalresponse) VALUES({run}, {peer}, {iteration}, {globalresponse})

New template : 'UnfairnessLogger'
dt : 2019-10-01 09:57:15
INSERT INTO UnfairnessLogger(run, peer,iteration,unfairness) VALUES({run}, {peer}, {iteration}, {unfairness})

New template : 'LocalCostMultiObjectiveLogger'
dt : 2019-10-01 09:57:15
INSERT INTO LocalCostMultiObjectiveLogger(run,peer,iteration,cost) VALUES({run}, {peer}, {iteration}, {cost})

New template : 'globalComplexCostLogger'
dt : 2019-10-01 09:57:15
INSERT INTO globalComplexCostLogger(run, peer,iteration,cost) VALUES({run}, {peer}, {iteration}, {cost})

New template : 'TerminationLogger'
dt : 2019-10-01 09:57:15
INSERT INTO TerminationLogger(run,peer,termination) VALUES({run}, {peer}, {termination})

New template : 'SelectedPlanLogger'
dt : 2019-10-01 09:57:15
INSERT INTO SelectedPlanLogger(run,peer,iteration,planID) VALUES({run}, {peer}, {iteration}, {planID})

New template : 'GlobalCostLogger'
dt : 2019-10-01 09:57:16
INSERT INTO GlobalCostLogger(run, peer,iteration,cost) VALUES({run}, {peer}, {iteration}, {cost})

New template : 'GlobalResponseVectorLogger'
dt : 2019-10-01 09:57:16
INSERT INTO GlobalResponseVectorLogger(run,peer,iteration,globalresponse) VALUES({run}, {peer}, {iteration}, {globalresponse})

New template : 'UnfairnessLogger'
dt : 2019-10-01 09:57:16
INSERT INTO UnfairnessLogger(run, peer,iteration,unfairness) VALUES({run}, {peer}, {iteration}, {unfairness})

New template : 'LocalCostMultiObjectiveLogger'
dt : 2019-10-01 09:57:16
INSERT INTO LocalCostMultiObjectiveLogger(run,peer,iteration,cost) VALUES({run}, {peer}, {iteration}, {cost})

New template : 'globalComplexCostLogger'
dt : 2019-10-01 09:57:16
INSERT INTO globalComplexCostLogger(run, peer,iteration,cost) VALUES({run}, {peer}, {iteration}, {cost})

New template : 'TerminationLogger'
dt : 2019-10-01 09:57:16
INSERT INTO TerminationLogger(run,peer,termination) VALUES({run}, {peer}, {termination})

New template : 'SelectedPlanLogger'
dt : 2019-10-01 09:57:16
INSERT INTO SelectedPlanLogger(run,peer,iteration,planID) VALUES({run}, {peer}, {iteration}, {planID})

New template : 'GlobalCostLogger'
dt : 2019-10-01 09:57:16
INSERT INTO GlobalCostLogger(run, peer,iteration,cost) VALUES({run}, {peer}, {iteration}, {cost})

New template : 'GlobalResponseVectorLogger'
dt : 2019-10-01 09:57:16
INSERT INTO GlobalResponseVectorLogger(run,peer,iteration,globalresponse) VALUES({run}, {peer}, {iteration}, {globalresponse})

New template : 'UnfairnessLogger'
dt : 2019-10-01 09:57:16
INSERT INTO UnfairnessLogger(run, peer,iteration,unfairness) VALUES({run}, {peer}, {iteration}, {unfairness})

New template : 'LocalCostMultiObjectiveLogger'
dt : 2019-10-01 09:57:16
INSERT INTO LocalCostMultiObjectiveLogger(run,peer,iteration,cost) VALUES({run}, {peer}, {iteration}, {cost})
................................
commit start
dt : 2019-10-01 09:57:23
msgCountSinceLastCommit : 329
totalMessageCount : 329
writing...ok

Listening for messages on tcp://localhost:6433 -> epos..................................................................................................
commit start
dt : 2019-10-01 09:57:33
msgCountSinceLastCommit : 987
totalMessageCount : 1316
writing...ok

Listening for messages on tcp://localhost:6433 -> epos
New template : 'globalComplexCostLogger'
dt : 2019-10-01 10:00:59
INSERT INTO globalComplexCostLogger(run, peer,iteration,cost) VALUES({run}, {peer}, {iteration}, {cost})

New template : 'TerminationLogger'
dt : 2019-10-01 10:00:59
INSERT INTO TerminationLogger(run,peer,termination) VALUES({run}, {peer}, {termination})

New template : 'SelectedPlanLogger'
dt : 2019-10-01 10:00:59
INSERT INTO SelectedPlanLogger(run,peer,iteration,planID) VALUES({run}, {peer}, {iteration}, {planID})

New template : 'GlobalCostLogger'
dt : 2019-10-01 10:00:59
INSERT INTO GlobalCostLogger(run, peer,iteration,cost) VALUES({run}, {peer}, {iteration}, {cost})

New template : 'GlobalResponseVectorLogger'
dt : 2019-10-01 10:00:59
INSERT INTO GlobalResponseVectorLogger(run,peer,iteration,globalresponse) VALUES({run}, {peer}, {iteration}, {globalresponse})

New template : 'UnfairnessLogger'
dt : 2019-10-01 10:00:59
INSERT INTO UnfairnessLogger(run, peer,iteration,unfairness) VALUES({run}, {peer}, {iteration}, {unfairness})

New template : 'LocalCostMultiObjectiveLogger'
dt : 2019-10-01 10:00:59
INSERT INTO LocalCostMultiObjectiveLogger(run,peer,iteration,cost) VALUES({run}, {peer}, {iteration}, {cost})

New template : 'eventlog'
dt : 2019-10-01 10:00:59
INSERT INTO eventlog(dt,current_time_millis,network,peer,epoch,peer_event_counter,thread_id,classname,func,key,value) VALUES ( {dt}, {current_time_millis}, {network}, {peer}, {epoch}, {peer_event_counter}, {thread_id}, {classname}, {func}, {key}, {value})
.
New template : 'globalComplexCostLogger'
dt : 2019-10-01 10:01:02
INSERT INTO globalComplexCostLogger(run, peer,iteration,cost) VALUES({run}, {peer}, {iteration}, {cost})

New template : 'TerminationLogger'
dt : 2019-10-01 10:01:02
INSERT INTO TerminationLogger(run,peer,termination) VALUES({run}, {peer}, {termination})

New template : 'SelectedPlanLogger'
dt : 2019-10-01 10:01:02
INSERT INTO SelectedPlanLogger(run,peer,iteration,planID) VALUES({run}, {peer}, {iteration}, {planID})

New template : 'GlobalCostLogger'
dt : 2019-10-01 10:01:02
INSERT INTO GlobalCostLogger(run, peer,iteration,cost) VALUES({run}, {peer}, {iteration}, {cost})

New template : 'GlobalResponseVectorLogger'
dt : 2019-10-01 10:01:02
INSERT INTO GlobalResponseVectorLogger(run,peer,iteration,globalresponse) VALUES({run}, {peer}, {iteration}, {globalresponse})

New template : 'UnfairnessLogger'
dt : 2019-10-01 10:01:02
INSERT INTO UnfairnessLogger(run, peer,iteration,unfairness) VALUES({run}, {peer}, {iteration}, {unfairness})

New template : 'LocalCostMultiObjectiveLogger'
dt : 2019-10-01 10:01:02
INSERT INTO LocalCostMultiObjectiveLogger(run,peer,iteration,cost) VALUES({run}, {peer}, {iteration}, {cost})

New template : 'eventlog'
dt : 2019-10-01 10:01:02
INSERT INTO eventlog(dt,current_time_millis,network,peer,epoch,peer_event_counter,thread_id,classname,func,key,value) VALUES ( {dt}, {current_time_millis}, {network}, {peer}, {epoch}, {peer_event_counter}, {thread_id}, {classname}, {func}, {key}, {value})

New template : 'globalComplexCostLogger'
dt : 2019-10-01 10:01:03
INSERT INTO globalComplexCostLogger(run, peer,iteration,cost) VALUES({run}, {peer}, {iteration}, {cost})

New template : 'TerminationLogger'
dt : 2019-10-01 10:01:03
INSERT INTO TerminationLogger(run,peer,termination) VALUES({run}, {peer}, {termination})

New template : 'SelectedPlanLogger'
dt : 2019-10-01 10:01:03
INSERT INTO SelectedPlanLogger(run,peer,iteration,planID) VALUES({run}, {peer}, {iteration}, {planID})

New template : 'GlobalCostLogger'
dt : 2019-10-01 10:01:03
INSERT INTO GlobalCostLogger(run, peer,iteration,cost) VALUES({run}, {peer}, {iteration}, {cost})

New template : 'GlobalResponseVectorLogger'
dt : 2019-10-01 10:01:03
INSERT INTO GlobalResponseVectorLogger(run,peer,iteration,globalresponse) VALUES({run}, {peer}, {iteration}, {globalresponse})

New template : 'UnfairnessLogger'
dt : 2019-10-01 10:01:03
INSERT INTO UnfairnessLogger(run, peer,iteration,unfairness) VALUES({run}, {peer}, {iteration}, {unfairness})

New template : 'LocalCostMultiObjectiveLogger'
dt : 2019-10-01 10:01:03
INSERT INTO LocalCostMultiObjectiveLogger(run,peer,iteration,cost) VALUES({run}, {peer}, {iteration}, {cost})

New template : 'globalComplexCostLogger'
dt : 2019-10-01 10:01:03
INSERT INTO globalComplexCostLogger(run, peer,iteration,cost) VALUES({run}, {peer}, {iteration}, {cost})

New template : 'TerminationLogger'
dt : 2019-10-01 10:01:03
INSERT INTO TerminationLogger(run,peer,termination) VALUES({run}, {peer}, {termination})

New template : 'SelectedPlanLogger'
dt : 2019-10-01 10:01:03
INSERT INTO SelectedPlanLogger(run,peer,iteration,planID) VALUES({run}, {peer}, {iteration}, {planID})

New template : 'GlobalCostLogger'
dt : 2019-10-01 10:01:03
INSERT INTO GlobalCostLogger(run, peer,iteration,cost) VALUES({run}, {peer}, {iteration}, {cost})

New template : 'GlobalResponseVectorLogger'
dt : 2019-10-01 10:01:03
INSERT INTO GlobalResponseVectorLogger(run,peer,iteration,globalresponse) VALUES({run}, {peer}, {iteration}, {globalresponse})

New template : 'UnfairnessLogger'
dt : 2019-10-01 10:01:03
INSERT INTO UnfairnessLogger(run, peer,iteration,unfairness) VALUES({run}, {peer}, {iteration}, {unfairness})

New template : 'LocalCostMultiObjectiveLogger'
dt : 2019-10-01 10:01:03
INSERT INTO LocalCostMultiObjectiveLogger(run,peer,iteration,cost) VALUES({run}, {peer}, {iteration}, {cost})

New template : 'eventlog'
dt : 2019-10-01 10:01:03
INSERT INTO eventlog(dt,current_time_millis,network,peer,epoch,peer_event_counter,thread_id,classname,func,key,value) VALUES ( {dt}, {current_time_millis}, {network}, {peer}, {epoch}, {peer_event_counter}, {thread_id}, {classname}, {func}, {key}, {value})

New template : 'eventlog'
dt : 2019-10-01 10:01:03
INSERT INTO eventlog(dt,current_time_millis,network,peer,epoch,peer_event_counter,thread_id,classname,func,key,value) VALUES ( {dt}, {current_time_millis}, {network}, {peer}, {epoch}, {peer_event_counter}, {thread_id}, {classname}, {func}, {key}, {value})

New template : 'globalComplexCostLogger'
dt : 2019-10-01 10:01:03
INSERT INTO globalComplexCostLogger(run, peer,iteration,cost) VALUES({run}, {peer}, {iteration}, {cost})

New template : 'TerminationLogger'
dt : 2019-10-01 10:01:03
INSERT INTO TerminationLogger(run,peer,termination) VALUES({run}, {peer}, {termination})

New template : 'SelectedPlanLogger'
dt : 2019-10-01 10:01:03
INSERT INTO SelectedPlanLogger(run,peer,iteration,planID) VALUES({run}, {peer}, {iteration}, {planID})

New template : 'GlobalCostLogger'
dt : 2019-10-01 10:01:03
INSERT INTO GlobalCostLogger(run, peer,iteration,cost) VALUES({run}, {peer}, {iteration}, {cost})

New template : 'GlobalResponseVectorLogger'
dt : 2019-10-01 10:01:03
INSERT INTO GlobalResponseVectorLogger(run,peer,iteration,globalresponse) VALUES({run}, {peer}, {iteration}, {globalresponse})

New template : 'UnfairnessLogger'
dt : 2019-10-01 10:01:03
INSERT INTO UnfairnessLogger(run, peer,iteration,unfairness) VALUES({run}, {peer}, {iteration}, {unfairness})

New template : 'LocalCostMultiObjectiveLogger'
dt : 2019-10-01 10:01:03
INSERT INTO LocalCostMultiObjectiveLogger(run,peer,iteration,cost) VALUES({run}, {peer}, {iteration}, {cost})

New template : 'eventlog'
dt : 2019-10-01 10:01:03
INSERT INTO eventlog(dt,current_time_millis,network,peer,epoch,peer_event_counter,thread_id,classname,func,key,value) VALUES ( {dt}, {current_time_millis}, {network}, {peer}, {epoch}, {peer_event_counter}, {thread_id}, {classname}, {func}, {key}, {value})

New template : 'globalComplexCostLogger'
dt : 2019-10-01 10:01:03
INSERT INTO globalComplexCostLogger(run, peer,iteration,cost) VALUES({run}, {peer}, {iteration}, {cost})

New template : 'TerminationLogger'
dt : 2019-10-01 10:01:03
INSERT INTO TerminationLogger(run,peer,termination) VALUES({run}, {peer}, {termination})

New template : 'SelectedPlanLogger'
dt : 2019-10-01 10:01:03
INSERT INTO SelectedPlanLogger(run,peer,iteration,planID) VALUES({run}, {peer}, {iteration}, {planID})

New template : 'GlobalCostLogger'
dt : 2019-10-01 10:01:03
INSERT INTO GlobalCostLogger(run, peer,iteration,cost) VALUES({run}, {peer}, {iteration}, {cost})

New template : 'GlobalResponseVectorLogger'
dt : 2019-10-01 10:01:03
INSERT INTO GlobalResponseVectorLogger(run,peer,iteration,globalresponse) VALUES({run}, {peer}, {iteration}, {globalresponse})

New template : 'UnfairnessLogger'
dt : 2019-10-01 10:01:03
INSERT INTO UnfairnessLogger(run, peer,iteration,unfairness) VALUES({run}, {peer}, {iteration}, {unfairness})

New template : 'LocalCostMultiObjectiveLogger'
dt : 2019-10-01 10:01:03
INSERT INTO LocalCostMultiObjectiveLogger(run,peer,iteration,cost) VALUES({run}, {peer}, {iteration}, {cost})

New template : 'eventlog'
dt : 2019-10-01 10:01:03
INSERT INTO eventlog(dt,current_time_millis,network,peer,epoch,peer_event_counter,thread_id,classname,func,key,value) VALUES ( {dt}, {current_time_millis}, {network}, {peer}, {epoch}, {peer_event_counter}, {thread_id}, {classname}, {func}, {key}, {value})

New template : 'globalComplexCostLogger'
dt : 2019-10-01 10:01:03
INSERT INTO globalComplexCostLogger(run, peer,iteration,cost) VALUES({run}, {peer}, {iteration}, {cost})

New template : 'TerminationLogger'
dt : 2019-10-01 10:01:03
INSERT INTO TerminationLogger(run,peer,termination) VALUES({run}, {peer}, {termination})

New template : 'SelectedPlanLogger'
dt : 2019-10-01 10:01:03
INSERT INTO SelectedPlanLogger(run,peer,iteration,planID) VALUES({run}, {peer}, {iteration}, {planID})

New template : 'GlobalCostLogger'
dt : 2019-10-01 10:01:03
INSERT INTO GlobalCostLogger(run, peer,iteration,cost) VALUES({run}, {peer}, {iteration}, {cost})

New template : 'GlobalResponseVectorLogger'
dt : 2019-10-01 10:01:03
INSERT INTO GlobalResponseVectorLogger(run,peer,iteration,globalresponse) VALUES({run}, {peer}, {iteration}, {globalresponse})

New template : 'UnfairnessLogger'
dt : 2019-10-01 10:01:03
INSERT INTO UnfairnessLogger(run, peer,iteration,unfairness) VALUES({run}, {peer}, {iteration}, {unfairness})

New template : 'LocalCostMultiObjectiveLogger'
dt : 2019-10-01 10:01:03
INSERT INTO LocalCostMultiObjectiveLogger(run,peer,iteration,cost) VALUES({run}, {peer}, {iteration}, {cost})

New template : 'eventlog'
dt : 2019-10-01 10:01:03
INSERT INTO eventlog(dt,current_time_millis,network,peer,epoch,peer_event_counter,thread_id,classname,func,key,value) VALUES ( {dt}, {current_time_millis}, {network}, {peer}, {epoch}, {peer_event_counter}, {thread_id}, {classname}, {func}, {key}, {value})

New template : 'globalComplexCostLogger'
dt : 2019-10-01 10:01:03
INSERT INTO globalComplexCostLogger(run, peer,iteration,cost) VALUES({run}, {peer}, {iteration}, {cost})

New template : 'TerminationLogger'
dt : 2019-10-01 10:01:03
INSERT INTO TerminationLogger(run,peer,termination) VALUES({run}, {peer}, {termination})

New template : 'SelectedPlanLogger'
dt : 2019-10-01 10:01:03
INSERT INTO SelectedPlanLogger(run,peer,iteration,planID) VALUES({run}, {peer}, {iteration}, {planID})

New template : 'GlobalCostLogger'
dt : 2019-10-01 10:01:03
INSERT INTO GlobalCostLogger(run, peer,iteration,cost) VALUES({run}, {peer}, {iteration}, {cost})

New template : 'GlobalResponseVectorLogger'
dt : 2019-10-01 10:01:03
INSERT INTO GlobalResponseVectorLogger(run,peer,iteration,globalresponse) VALUES({run}, {peer}, {iteration}, {globalresponse})

New template : 'UnfairnessLogger'
dt : 2019-10-01 10:01:03
INSERT INTO UnfairnessLogger(run, peer,iteration,unfairness) VALUES({run}, {peer}, {iteration}, {unfairness})

New template : 'LocalCostMultiObjectiveLogger'
dt : 2019-10-01 10:01:03
INSERT INTO LocalCostMultiObjectiveLogger(run,peer,iteration,cost) VALUES({run}, {peer}, {iteration}, {cost})

New template : 'eventlog'
dt : 2019-10-01 10:01:03
INSERT INTO eventlog(dt,current_time_millis,network,peer,epoch,peer_event_counter,thread_id,classname,func,key,value) VALUES ( {dt}, {current_time_millis}, {network}, {peer}, {epoch}, {peer_event_counter}, {thread_id}, {classname}, {func}, {key}, {value})

New template : 'globalComplexCostLogger'
dt : 2019-10-01 10:01:03
INSERT INTO globalComplexCostLogger(run, peer,iteration,cost) VALUES({run}, {peer}, {iteration}, {cost})

New template : 'TerminationLogger'
dt : 2019-10-01 10:01:03
INSERT INTO TerminationLogger(run,peer,termination) VALUES({run}, {peer}, {termination})

New template : 'SelectedPlanLogger'
dt : 2019-10-01 10:01:03
INSERT INTO SelectedPlanLogger(run,peer,iteration,planID) VALUES({run}, {peer}, {iteration}, {planID})

New template : 'GlobalCostLogger'
dt : 2019-10-01 10:01:03
INSERT INTO GlobalCostLogger(run, peer,iteration,cost) VALUES({run}, {peer}, {iteration}, {cost})

New template : 'GlobalResponseVectorLogger'
dt : 2019-10-01 10:01:03
INSERT INTO GlobalResponseVectorLogger(run,peer,iteration,globalresponse) VALUES({run}, {peer}, {iteration}, {globalresponse})

New template : 'UnfairnessLogger'
dt : 2019-10-01 10:01:03
INSERT INTO UnfairnessLogger(run, peer,iteration,unfairness) VALUES({run}, {peer}, {iteration}, {unfairness})

New template : 'LocalCostMultiObjectiveLogger'
dt : 2019-10-01 10:01:03
INSERT INTO LocalCostMultiObjectiveLogger(run,peer,iteration,cost) VALUES({run}, {peer}, {iteration}, {cost})

New template : 'eventlog'
dt : 2019-10-01 10:01:03
INSERT INTO eventlog(dt,current_time_millis,network,peer,epoch,peer_event_counter,thread_id,classname,func,key,value) VALUES ( {dt}, {current_time_millis}, {network}, {peer}, {epoch}, {peer_event_counter}, {thread_id}, {classname}, {func}, {key}, {value})

commit start
dt : 2019-10-01 10:01:03
msgCountSinceLastCommit : 10
totalMessageCount : 1326
writing...ok

Listening for messages on tcp://localhost:6433 -> epos
New template : 'globalComplexCostLogger'
dt : 2019-10-01 10:01:03
INSERT INTO globalComplexCostLogger(run, peer,iteration,cost) VALUES({run}, {peer}, {iteration}, {cost})

New template : 'TerminationLogger'
dt : 2019-10-01 10:01:03
INSERT INTO TerminationLogger(run,peer,termination) VALUES({run}, {peer}, {termination})

New template : 'SelectedPlanLogger'
dt : 2019-10-01 10:01:03
INSERT INTO SelectedPlanLogger(run,peer,iteration,planID) VALUES({run}, {peer}, {iteration}, {planID})

New template : 'GlobalCostLogger'
dt : 2019-10-01 10:01:03
INSERT INTO GlobalCostLogger(run, peer,iteration,cost) VALUES({run}, {peer}, {iteration}, {cost})

New template : 'GlobalResponseVectorLogger'
dt : 2019-10-01 10:01:03
INSERT INTO GlobalResponseVectorLogger(run,peer,iteration,globalresponse) VALUES({run}, {peer}, {iteration}, {globalresponse})

New template : 'UnfairnessLogger'
dt : 2019-10-01 10:01:03
INSERT INTO UnfairnessLogger(run, peer,iteration,unfairness) VALUES({run}, {peer}, {iteration}, {unfairness})

New template : 'LocalCostMultiObjectiveLogger'
dt : 2019-10-01 10:01:03
INSERT INTO LocalCostMultiObjectiveLogger(run,peer,iteration,cost) VALUES({run}, {peer}, {iteration}, {cost})

New template : 'eventlog'
dt : 2019-10-01 10:01:03
INSERT INTO eventlog(dt,current_time_millis,network,peer,epoch,peer_event_counter,thread_id,classname,func,key,value) VALUES ( {dt}, {current_time_millis}, {network}, {peer}, {epoch}, {peer_event_counter}, {thread_id}, {classname}, {func}, {key}, {value})
....................................................................................................
commit start
dt : 2019-10-01 10:01:08
msgCountSinceLastCommit : 1000
totalMessageCount : 2326
writing...ok

Listening for messages on tcp://localhost:6433 -> epos....................................................................................................
commit start
dt : 2019-10-01 10:01:11
msgCountSinceLastCommit : 1000
totalMessageCount : 3326
writing...ok

Listening for messages on tcp://localhost:6433 -> epos....................................................................................................
commit start
dt : 2019-10-01 10:01:12
msgCountSinceLastCommit : 1000
totalMessageCount : 4326
writing...ok

Listening for messages on tcp://localhost:6433 -> epos.............................................
commit start
dt : 2019-10-01 10:01:13
msgCountSinceLastCommit : 453
totalMessageCount : 4779
writing...ok

Listening for messages on tcp://localhost:6433 -> epos....................................................................................................
commit start
dt : 2019-10-01 10:01:15
msgCountSinceLastCommit : 1000
totalMessageCount : 5779
writing...ok

Listening for messages on tcp://localhost:6433 -> epos....................................................................................................
commit start
dt : 2019-10-01 10:01:18
msgCountSinceLastCommit : 1000
totalMessageCount : 6779
writing...ok

Listening for messages on tcp://localhost:6433 -> epos....................................................................................................
commit start
dt : 2019-10-01 10:01:19
msgCountSinceLastCommit : 1000
totalMessageCount : 7779
writing...ok

Listening for messages on tcp://localhost:6433 -> epos....................................................................................................
commit start
dt : 2019-10-01 10:01:22
msgCountSinceLastCommit : 1000
totalMessageCount : 8779
writing...ok

Listening for messages on tcp://localhost:6433 -> epos.................................................................................
commit start
dt : 2019-10-01 10:01:23
msgCountSinceLastCommit : 812
totalMessageCount : 9591
writing...ok

Listening for messages on tcp://localhost:6433 -> epos....................................................................................................
commit start
dt : 2019-10-01 10:01:25
msgCountSinceLastCommit : 1000
totalMessageCount : 10591
writing...ok

Listening for messages on tcp://localhost:6433 -> epos....................................................................................................
commit start
dt : 2019-10-01 10:01:28
msgCountSinceLastCommit : 1000
totalMessageCount : 11591
writing...ok

Listening for messages on tcp://localhost:6433 -> epos....................................................................................................
commit start
dt : 2019-10-01 10:01:28
msgCountSinceLastCommit : 1000
totalMessageCount : 12591
writing...ok

Listening for messages on tcp://localhost:6433 -> epos....................................................................................................
commit start
dt : 2019-10-01 10:01:31
msgCountSinceLastCommit : 1000
totalMessageCount : 13591
writing...ok

Listening for messages on tcp://localhost:6433 -> epos.................................................................................
commit start
dt : 2019-10-01 10:01:33
msgCountSinceLastCommit : 812
totalMessageCount : 14403
writing...ok

Listening for messages on tcp://localhost:6433 -> epos....................................................................................................
commit start
dt : 2019-10-01 10:01:35
msgCountSinceLastCommit : 1000
totalMessageCount : 15403
writing...ok

Listening for messages on tcp://localhost:6433 -> epos.....................................................................